Connecting to database specified by database.yml
  [1m[36m (0.1ms)[0m  [1mselect sqlite_version(*)[0m
  [1m[35m (6.8ms)[0m  CREATE TABLE "schema_migrations" ("version" varchar(255) NOT NULL) 
  [1m[36m (5.1ms)[0m  [1mCREATE UNIQUE INDEX "unique_schema_migrations" ON "schema_migrations" ("version")[0m
  [1m[35m (9.8ms)[0m  SELECT "schema_migrations"."version" FROM "schema_migrations" 
Connecting to database specified by database.yml
  [1m[36m (9.0ms)[0m  [1mSELECT "schema_migrations"."version" FROM "schema_migrations" [0m
Migrating to CreateMassData (20150307041725)
  [1m[35m (0.1ms)[0m  select sqlite_version(*)
  [1m[36m (0.0ms)[0m  [1mbegin transaction[0m
  [1m[35m (3.9ms)[0m  CREATE TABLE "mass_data" ("id" INTEGER PRIMARY KEY AUTOINCREMENT NOT NULL, "title" varchar(255), "created_at" datetime NOT NULL, "updated_at" datetime NOT NULL) 
  [1m[36m (1.1ms)[0m  [1mINSERT INTO "schema_migrations" ("version") VALUES ('20150307041725')[0m
  [1m[35m (3.4ms)[0m  commit transaction
Migrating to CreateMassParams (20150307041903)
  [1m[36m (0.1ms)[0m  [1mbegin transaction[0m
  [1m[35m (2.9ms)[0m  CREATE TABLE "mass_params" ("id" INTEGER PRIMARY KEY AUTOINCREMENT NOT NULL, "title" varchar(255), "created_at" datetime NOT NULL, "updated_at" datetime NOT NULL) 
  [1m[36m (0.6ms)[0m  [1mINSERT INTO "schema_migrations" ("version") VALUES ('20150307041903')[0m
  [1m[35m (7.2ms)[0m  commit transaction
  [1m[36m (1.3ms)[0m  [1mSELECT "schema_migrations"."version" FROM "schema_migrations" [0m
Connecting to database specified by database.yml
  [1m[36m (9.7ms)[0m  [1mSELECT "schema_migrations"."version" FROM "schema_migrations" [0m
  [1m[35m (2.2ms)[0m  select sqlite_version(*)
  [1m[36m (6.8ms)[0m  [1mCREATE TABLE "mass_data" ("id" INTEGER PRIMARY KEY AUTOINCREMENT NOT NULL, "title" varchar(255), "created_at" datetime NOT NULL, "updated_at" datetime NOT NULL) [0m
  [1m[35m (4.7ms)[0m  CREATE TABLE "mass_params" ("id" INTEGER PRIMARY KEY AUTOINCREMENT NOT NULL, "title" varchar(255), "created_at" datetime NOT NULL, "updated_at" datetime NOT NULL) 
  [1m[36m (3.9ms)[0m  [1mCREATE TABLE "schema_migrations" ("version" varchar(255) NOT NULL) [0m
  [1m[35m (4.1ms)[0m  CREATE UNIQUE INDEX "unique_schema_migrations" ON "schema_migrations" ("version")
  [1m[36m (1.2ms)[0m  [1mSELECT version FROM "schema_migrations"[0m
  [1m[35m (4.6ms)[0m  INSERT INTO "schema_migrations" (version) VALUES ('20150307041903')
  [1m[36m (5.0ms)[0m  [1mINSERT INTO "schema_migrations" (version) VALUES ('20150307041725')[0m
Connecting to database specified by database.yml
  [1m[36m (8.5ms)[0m  [1mSELECT "schema_migrations"."version" FROM "schema_migrations" [0m
  [1m[35m (1.4ms)[0m  select sqlite_version(*)
  [1m[36m (6.1ms)[0m  [1mCREATE TABLE "mass_data" ("id" INTEGER PRIMARY KEY AUTOINCREMENT NOT NULL, "title" varchar(255), "created_at" datetime NOT NULL, "updated_at" datetime NOT NULL) [0m
  [1m[35m (4.4ms)[0m  CREATE TABLE "mass_params" ("id" INTEGER PRIMARY KEY AUTOINCREMENT NOT NULL, "title" varchar(255), "created_at" datetime NOT NULL, "updated_at" datetime NOT NULL) 
  [1m[36m (4.1ms)[0m  [1mCREATE TABLE "schema_migrations" ("version" varchar(255) NOT NULL) [0m
  [1m[35m (4.6ms)[0m  CREATE UNIQUE INDEX "unique_schema_migrations" ON "schema_migrations" ("version")
  [1m[36m (1.3ms)[0m  [1mSELECT version FROM "schema_migrations"[0m
  [1m[35m (4.8ms)[0m  INSERT INTO "schema_migrations" (version) VALUES ('20150307041903')
  [1m[36m (5.3ms)[0m  [1mINSERT INTO "schema_migrations" (version) VALUES ('20150307041725')[0m
Connecting to database specified by database.yml
  [1m[36m (8.1ms)[0m  [1mSELECT "schema_migrations"."version" FROM "schema_migrations" [0m
  [1m[35m (1.4ms)[0m  select sqlite_version(*)
  [1m[36m (5.9ms)[0m  [1mCREATE TABLE "mass_data" ("id" INTEGER PRIMARY KEY AUTOINCREMENT NOT NULL, "title" varchar(255), "created_at" datetime NOT NULL, "updated_at" datetime NOT NULL) [0m
  [1m[35m (4.1ms)[0m  CREATE TABLE "mass_params" ("id" INTEGER PRIMARY KEY AUTOINCREMENT NOT NULL, "title" varchar(255), "created_at" datetime NOT NULL, "updated_at" datetime NOT NULL) 
  [1m[36m (3.9ms)[0m  [1mCREATE TABLE "schema_migrations" ("version" varchar(255) NOT NULL) [0m
  [1m[35m (4.5ms)[0m  CREATE UNIQUE INDEX "unique_schema_migrations" ON "schema_migrations" ("version")
  [1m[36m (1.1ms)[0m  [1mSELECT version FROM "schema_migrations"[0m
  [1m[35m (5.3ms)[0m  INSERT INTO "schema_migrations" (version) VALUES ('20150307041903')
  [1m[36m (5.0ms)[0m  [1mINSERT INTO "schema_migrations" (version) VALUES ('20150307041725')[0m
Connecting to database specified by database.yml
  [1m[36m (8.0ms)[0m  [1mSELECT "schema_migrations"."version" FROM "schema_migrations" [0m
  [1m[35m (2.3ms)[0m  select sqlite_version(*)
  [1m[36m (5.7ms)[0m  [1mCREATE TABLE "mass_data" ("id" INTEGER PRIMARY KEY AUTOINCREMENT NOT NULL, "title" varchar(255), "created_at" datetime NOT NULL, "updated_at" datetime NOT NULL) [0m
  [1m[35m (4.1ms)[0m  CREATE TABLE "mass_params" ("id" INTEGER PRIMARY KEY AUTOINCREMENT NOT NULL, "title" varchar(255), "created_at" datetime NOT NULL, "updated_at" datetime NOT NULL) 
  [1m[36m (3.7ms)[0m  [1mCREATE TABLE "schema_migrations" ("version" varchar(255) NOT NULL) [0m
  [1m[35m (4.5ms)[0m  CREATE UNIQUE INDEX "unique_schema_migrations" ON "schema_migrations" ("version")
  [1m[36m (1.1ms)[0m  [1mSELECT version FROM "schema_migrations"[0m
  [1m[35m (5.3ms)[0m  INSERT INTO "schema_migrations" (version) VALUES ('20150307041903')
  [1m[36m (4.6ms)[0m  [1mINSERT INTO "schema_migrations" (version) VALUES ('20150307041725')[0m


Started GET "/" for 127.0.0.1 at 2015-03-13 16:40:34 -0300
Connecting to database specified by database.yml
Processing by GeneralController#index as HTML
  Rendered general/_sidebar.html.haml (3.0ms)
  Rendered general/index.html.haml within layouts/application (55.2ms)
Warning. Error encountered while saving cache /media/sf_shared/mass-spectrometry/mass-spec/tmp/cache/sass/ef0f3f4e5d95d8604c6d80475765f3e388585884/general.css.scssc: can't dump anonymous class #<Class:0x917c7a4>
Compiled general.css  (11ms)  (pid 17777)
Warning. Error encountered while saving cache /media/sf_shared/mass-spectrometry/mass-spec/tmp/cache/sass/ef0f3f4e5d95d8604c6d80475765f3e388585884/mass_data.css.scssc: can't dump anonymous class #<Class:0x917c7a4>
Compiled mass_data.css  (4ms)  (pid 17777)
Warning. Error encountered while saving cache /media/sf_shared/mass-spectrometry/mass-spec/tmp/cache/sass/ef0f3f4e5d95d8604c6d80475765f3e388585884/mass_params.css.scssc: can't dump anonymous class #<Class:0x917c7a4>
Compiled mass_params.css  (4ms)  (pid 17777)
Compiled application.css  (183ms)  (pid 17777)
Completed 200 OK in 399.4ms (Views: 399.0ms | ActiveRecord: 0.0ms)


Started GET "/assets/application.css?body=1" for 127.0.0.1 at 2015-03-13 16:40:35 -0300
Served asset /application.css - 304 Not Modified (27ms)


Started GET "/assets/mass_data.css?body=1" for 127.0.0.1 at 2015-03-13 16:40:35 -0300
Served asset /mass_data.css - 304 Not Modified (9ms)


Started GET "/assets/mass_params.css?body=1" for 127.0.0.1 at 2015-03-13 16:40:35 -0300
Served asset /mass_params.css - 304 Not Modified (10ms)


Started GET "/assets/general.css?body=1" for 127.0.0.1 at 2015-03-13 16:40:35 -0300
Served asset /general.css - 304 Not Modified (11ms)


Started GET "/assets/icon.png" for 127.0.0.1 at 2015-03-13 16:40:35 -0300
Served asset /icon.png - 304 Not Modified (51ms)


Started GET "/mass_data/new" for 127.0.0.1 at 2015-03-13 16:40:38 -0300
Processing by MassDataController#new as HTML
  Rendered general/_sidebar.html.haml (1.2ms)
  Rendered mass_data/new.html.haml within layouts/application (21.1ms)
Completed 200 OK in 72.8ms (Views: 72.3ms | ActiveRecord: 0.0ms)


Started GET "/assets/application.css?body=1" for 127.0.0.1 at 2015-03-13 16:40:39 -0300
Served asset /application.css - 304 Not Modified (6ms)


Started GET "/assets/general.css?body=1" for 127.0.0.1 at 2015-03-13 16:40:39 -0300
Served asset /general.css - 304 Not Modified (1ms)


Started GET "/assets/icon.png" for 127.0.0.1 at 2015-03-13 16:40:39 -0300
Served asset /icon.png - 304 Not Modified (1ms)


Started GET "/assets/mass_params.css?body=1" for 127.0.0.1 at 2015-03-13 16:40:39 -0300
Served asset /mass_params.css - 304 Not Modified (1ms)


Started GET "/assets/mass_data.css?body=1" for 127.0.0.1 at 2015-03-13 16:40:39 -0300
Served asset /mass_data.css - 304 Not Modified (1ms)


Started POST "/mass_data/upload" for 127.0.0.1 at 2015-03-13 16:40:41 -0300
Processing by MassDataController#upload as HTML
  Parameters: {"utf8"=>"✓", "authenticity_token"=>"OMhMjWZ7kSdqydA5+DbniXC/KdEoiDKrzcodZT12fXU=", "email"=>"", "commit"=>"Submit"}
Redirected to http://localhost:3000/mass_data/new
Completed 302 Found in 0.9ms (ActiveRecord: 0.0ms)


Started GET "/mass_data/new" for 127.0.0.1 at 2015-03-13 16:40:41 -0300
Processing by MassDataController#new as HTML
  Rendered general/_sidebar.html.haml (1.1ms)
  Rendered mass_data/new.html.haml within layouts/application (19.3ms)
Completed 200 OK in 72.1ms (Views: 71.9ms | ActiveRecord: 0.0ms)


Started GET "/assets/application.css?body=1" for 127.0.0.1 at 2015-03-13 16:40:42 -0300
Served asset /application.css - 304 Not Modified (8ms)


Started GET "/assets/general.css?body=1" for 127.0.0.1 at 2015-03-13 16:40:42 -0300
Served asset /general.css - 304 Not Modified (1ms)


Started GET "/assets/mass_params.css?body=1" for 127.0.0.1 at 2015-03-13 16:40:42 -0300
Served asset /mass_params.css - 304 Not Modified (1ms)


Started GET "/assets/mass_data.css?body=1" for 127.0.0.1 at 2015-03-13 16:40:42 -0300
Served asset /mass_data.css - 304 Not Modified (1ms)


Started GET "/assets/icon.png" for 127.0.0.1 at 2015-03-13 16:40:42 -0300
Served asset /icon.png - 304 Not Modified (1ms)
Connecting to database specified by database.yml
  [1m[36m (8.4ms)[0m  [1mSELECT "schema_migrations"."version" FROM "schema_migrations" [0m
  [1m[35m (1.4ms)[0m  select sqlite_version(*)
  [1m[36m (7.6ms)[0m  [1mCREATE TABLE "mass_data" ("id" INTEGER PRIMARY KEY AUTOINCREMENT NOT NULL, "title" varchar(255), "created_at" datetime NOT NULL, "updated_at" datetime NOT NULL) [0m
  [1m[35m (5.2ms)[0m  CREATE TABLE "mass_params" ("id" INTEGER PRIMARY KEY AUTOINCREMENT NOT NULL, "title" varchar(255), "created_at" datetime NOT NULL, "updated_at" datetime NOT NULL) 
  [1m[36m (4.7ms)[0m  [1mCREATE TABLE "schema_migrations" ("version" varchar(255) NOT NULL) [0m
  [1m[35m (3.8ms)[0m  CREATE UNIQUE INDEX "unique_schema_migrations" ON "schema_migrations" ("version")
  [1m[36m (1.5ms)[0m  [1mSELECT version FROM "schema_migrations"[0m
  [1m[35m (4.1ms)[0m  INSERT INTO "schema_migrations" (version) VALUES ('20150307041903')
  [1m[36m (5.4ms)[0m  [1mINSERT INTO "schema_migrations" (version) VALUES ('20150307041725')[0m
Connecting to database specified by database.yml
  [1m[36m (8.5ms)[0m  [1mSELECT "schema_migrations"."version" FROM "schema_migrations" [0m
  [1m[35m (2.2ms)[0m  select sqlite_version(*)
  [1m[36m (6.2ms)[0m  [1mCREATE TABLE "mass_data" ("id" INTEGER PRIMARY KEY AUTOINCREMENT NOT NULL, "title" varchar(255), "created_at" datetime NOT NULL, "updated_at" datetime NOT NULL) [0m
  [1m[35m (3.9ms)[0m  CREATE TABLE "mass_params" ("id" INTEGER PRIMARY KEY AUTOINCREMENT NOT NULL, "title" varchar(255), "created_at" datetime NOT NULL, "updated_at" datetime NOT NULL) 
  [1m[36m (4.7ms)[0m  [1mCREATE TABLE "schema_migrations" ("version" varchar(255) NOT NULL) [0m
  [1m[35m (3.9ms)[0m  CREATE UNIQUE INDEX "unique_schema_migrations" ON "schema_migrations" ("version")
  [1m[36m (1.2ms)[0m  [1mSELECT version FROM "schema_migrations"[0m
  [1m[35m (5.1ms)[0m  INSERT INTO "schema_migrations" (version) VALUES ('20150307041903')
  [1m[36m (4.2ms)[0m  [1mINSERT INTO "schema_migrations" (version) VALUES ('20150307041725')[0m
